0 info it worked if it ends with ok
1 verbose cli [ 'C:\\Program Files\\nodejs\\node.exe',
1 verbose cli   'C:\\Users\\michal.marencik\\AppData\\Roaming\\npm\\node_modules\\npm\\bin\\npm-cli.js',
1 verbose cli   'run',
1 verbose cli   'lint' ]
2 info using npm@3.10.6
3 info using node@v6.3.1
4 verbose run-script [ 'prelint', 'lint', 'postlint' ]
5 info lifecycle alpha@1.0.0~prelint: alpha@1.0.0
6 silly lifecycle alpha@1.0.0~prelint: no script for prelint, continuing
7 info lifecycle alpha@1.0.0~lint: alpha@1.0.0
8 verbose lifecycle alpha@1.0.0~lint: unsafe-perm in lifecycle true
9 verbose lifecycle alpha@1.0.0~lint: PATH: C:\Users\michal.marencik\AppData\Roaming\npm\node_modules\npm\bin\node-gyp-bin;C:\WWW\alpha\node_modules\.bin;C:\Python27;C:\Python27\Scripts;C:\ProgramData\Oracle\Java\javapath;C:\Program Files (x86)\Common Files\Intel\Shared Libraries\redist\intel64\compiler;C:\Program Files (x86)\Common Files\Intel\Shared Libraries\redist\intel64\compiler;C:\sybase\OCS-12_5\bin;C:\sybase\OCS-12_5\dll;C:\sybase\OCS-12_5\lib3p;C:\sybase\JS-12_5\bin;C:\Windows\system32;C:\Windows;C:\Windows\System32\Wbem;C:\Windows\System32\WindowsPowerShell\v1.0;c:\Diaplus.sql;c:\Diaplusnew.sql;C:\Program Files (x86)\KONICA MINOLTA\PageScope Box Operator3;c:\Diaplusnew.sql;C:\Program Files\KONICA MINOLTA\PageScope Box Operator3;C:\Program Files (x86)\WinSCP;C:\Program Files\Git\cmd;C:\Program Files\Git\mingw64\bin;C:\Program Files\Git\usr\bin;C:\xampp\php;C:\ProgramData\ComposerSetup\bin;C:\Program Files (x86)\NVIDIA Corporation\PhysX\Common;C:\Users\michal.marencik\.dnx\bin;C:\Program Files\Microsoft DNX\Dnvm;C:\Program Files\Microsoft SQL Server\130\Tools\Binn;C:\Program Files (x86)\Windows Kits\10\Windows Performance Toolkit;C:\Program Files\nodejs;C:\Users\michal.marencik\AppData\Roaming\Composer\vendor\bin;C:\Program Files (x86)\Nmap;C:\Program Files\Oracle\VirtualBox;C:\Program Files (x86)\Microsoft VS Code\bin;C:\Users\michal.marencik\AppData\Local\.meteor;C:\Users\michal.marencik\AppData\Local\atom\bin;C:\Program Files (x86)\Android\android-sdk\platform-tools;C:\Program Files (x86)\Android\android-sdk\tools;C:\Users\michal.marencik\AppData\Roaming\npm;
10 verbose lifecycle alpha@1.0.0~lint: CWD: C:\WWW\alpha
11 silly lifecycle alpha@1.0.0~lint: Args: [ '/d /s /c', 'eslint --ignore-path .gitignore client server' ]
12 silly lifecycle alpha@1.0.0~lint: Returned: code: 1  signal: null
13 info lifecycle alpha@1.0.0~lint: Failed to exec lint script
14 verbose stack Error: alpha@1.0.0 lint: `eslint --ignore-path .gitignore client server`
14 verbose stack Exit status 1
14 verbose stack     at EventEmitter.<anonymous> (C:\Users\michal.marencik\AppData\Roaming\npm\node_modules\npm\lib\utils\lifecycle.js:255:16)
14 verbose stack     at emitTwo (events.js:106:13)
14 verbose stack     at EventEmitter.emit (events.js:191:7)
14 verbose stack     at ChildProcess.<anonymous> (C:\Users\michal.marencik\AppData\Roaming\npm\node_modules\npm\lib\utils\spawn.js:40:14)
14 verbose stack     at emitTwo (events.js:106:13)
14 verbose stack     at ChildProcess.emit (events.js:191:7)
14 verbose stack     at maybeClose (internal/child_process.js:852:16)
14 verbose stack     at Process.ChildProcess._handle.onexit (internal/child_process.js:215:5)
15 verbose pkgid alpha@1.0.0
16 verbose cwd C:\WWW\alpha
17 error Windows_NT 6.1.7601
18 error argv "C:\\Program Files\\nodejs\\node.exe" "C:\\Users\\michal.marencik\\AppData\\Roaming\\npm\\node_modules\\npm\\bin\\npm-cli.js" "run" "lint"
19 error node v6.3.1
20 error npm  v3.10.6
21 error code ELIFECYCLE
22 error alpha@1.0.0 lint: `eslint --ignore-path .gitignore client server`
22 error Exit status 1
23 error Failed at the alpha@1.0.0 lint script 'eslint --ignore-path .gitignore client server'.
23 error Make sure you have the latest version of node.js and npm installed.
23 error If you do, this is most likely a problem with the alpha package,
23 error not with npm itself.
23 error Tell the author that this fails on your system:
23 error     eslint --ignore-path .gitignore client server
23 error You can get information on how to open an issue for this project with:
23 error     npm bugs alpha
23 error Or if that isn't available, you can get their info via:
23 error     npm owner ls alpha
23 error There is likely additional logging output above.
24 verbose exit [ 1, true ]
